<?xml version="1.0" encoding="UTF-8"?>
<!-- Generated by org.testng.reporters.JUnitReportReporter -->
<testsuite hostname="Cam-ne.local" failures="0" tests="1" name="automation.testsuite.Day7_Test" time="0.039" errors="0" timestamp="2024-07-21T21:29:35 ICT" skipped="0">
  <testcase classname="automation.testsuite.Day7_Test" name="testCase_1" time="0.039"/>
  <system-out/>
</testsuite> <!-- automation.testsuite.Day7_Test -->
